This is pdfTeX, Version 3.141592653-2.6-1.40.25 (MiKTeX 23.10) (preloaded format=pdflatex 2023.11.28)  10 JAN 2024 19:49
entering extended mode
 restricted \write18 enabled.
 %&-line parsing enabled.
**./dokumentace.tex
(dokumentace.tex
LaTeX2e <2023-06-01> patch level 1
L3 programming layer <2023-08-29>
(C:\Users\Mi≈°a\AppData\Local\Programs\MiKTeX\tex/latex/base\report.cls
Document Class: report 2023/05/17 v1.4n Standard LaTeX document class
(C:\Users\Mi≈°a\AppData\Local\Programs\MiKTeX\tex/latex/base\size12.clo
File: size12.clo 2023/05/17 v1.4n Standard LaTeX file (size option)
)
\c@part=\count185
\c@chapter=\count186
\c@section=\count187
\c@subsection=\count188
\c@subsubsection=\count189
\c@paragraph=\count190
\c@subparagraph=\count191
\c@figure=\count192
\c@table=\count193
\abovecaptionskip=\skip48
\belowcaptionskip=\skip49
\bibindent=\dimen140
)
(C:\Users\Mi≈°a\AppData\Local\Programs\MiKTeX\tex/latex/geometry\geometry.sty
Package: geometry 2020/01/02 v5.9 Page Geometry

(C:\Users\Mi≈°a\AppData\Local\Programs\MiKTeX\tex/latex/graphics\keyval.sty
Package: keyval 2022/05/29 v1.15 key=value parser (DPC)
\KV@toks@=\toks17
)
(C:\Users\Mi≈°a\AppData\Local\Programs\MiKTeX\tex/generic/iftex\ifvtex.sty
Package: ifvtex 2019/10/25 v1.7 ifvtex legacy package. Use iftex instead.

(C:\Users\Mi≈°a\AppData\Local\Programs\MiKTeX\tex/generic/iftex\iftex.sty
Package: iftex 2022/02/03 v1.0f TeX engine tests
))
\Gm@cnth=\count194
\Gm@cntv=\count195
\c@Gm@tempcnt=\count196
\Gm@bindingoffset=\dimen141
\Gm@wd@mp=\dimen142
\Gm@odd@mp=\dimen143
\Gm@even@mp=\dimen144
\Gm@layoutwidth=\dimen145
\Gm@layoutheight=\dimen146
\Gm@layouthoffset=\dimen147
\Gm@layoutvoffset=\dimen148
\Gm@dimlist=\toks18

(C:\Users\Mi≈°a\AppData\Local\Programs\MiKTeX\tex/latex/geometry\geometry.cfg))
(C:\Users\Mi≈°a\AppData\Local\Programs\MiKTeX\tex/generic/babel\babel.sty
Package: babel 2023/09/29 v3.95 The Babel package
\babel@savecnt=\count197
\U@D=\dimen149
\l@unhyphenated=\language79

(C:\Users\Mi≈°a\AppData\Local\Programs\MiKTeX\tex/generic/babel\txtbabel.def)
\bbl@readstream=\read2
\bbl@dirlevel=\count198

*************************************
* Local config file bblopts.cfg used
*
(C:\Users\Mi≈°a\AppData\Local\Programs\MiKTeX\tex/latex/arabi\bblopts.cfg
File: bblopts.cfg 2005/09/08 v0.1 add Arabic and Farsi to "declared" options of
 babel
)
(C:\Users\Mi≈°a\AppData\Local\Programs\MiKTeX\tex/latex/babel-czech\czech.ldf
Language: czech 2008/07/06 v3.1a Czech support from the babel system
Package babel Info: Making " an active character on input line 172.
\cs@wordlen=\count199
Package babel Info: Making - an active character on input line 226.
))
(C:\Users\Mi≈°a\AppData\Local\Programs\MiKTeX\tex/generic/babel/locale/cs\babel
-czech.tex
Package babel Info: Importing font and identification data for czech
(babel)             from babel-cs.ini. Reported on input line 11.
)
(C:\Users\Mi≈°a\AppData\Local\Programs\MiKTeX\tex/latex/base\inputenc.sty
Package: inputenc 2021/02/14 v1.3d Input encoding file
\inpenc@prehook=\toks19
\inpenc@posthook=\toks20
)
(C:\Users\Mi≈°a\AppData\Local\Programs\MiKTeX\tex/latex/base\fontenc.sty
Package: fontenc 2021/04/29 v2.0v Standard LaTeX package
)
(C:\Users\Mi≈°a\AppData\Local\Programs\MiKTeX\tex/latex/cmap\cmap.sty
Package: cmap 2021/02/06 v1.0j CMap support: searchable PDF


Package cmap Warning: fontenc already loaded - some fonts may be unprocessed.

) (C:\Users\Mi≈°a\AppData\Local\Programs\MiKTeX\tex/latex/graphics\graphicx.sty
Package: graphicx 2021/09/16 v1.2d Enhanced LaTeX Graphics (DPC,SPQR)
(C:\Users\Mi≈°a\AppData\Local\Programs\MiKTeX\tex/latex/graphics\graphics.sty
Package: graphics 2022/03/10 v1.4e Standard LaTeX Graphics (DPC,SPQR)

(C:\Users\Mi≈°a\AppData\Local\Programs\MiKTeX\tex/latex/graphics\trig.sty
Package: trig 2021/08/11 v1.11 sin cos tan (DPC)
)
(C:\Users\Mi≈°a\AppData\Local\Programs\MiKTeX\tex/latex/graphics-cfg\graphics.c
fg
File: graphics.cfg 2016/06/04 v1.11 sample graphics configuration
)
Package graphics Info: Driver file: pdftex.def on input line 107.

(C:\Users\Mi≈°a\AppData\Local\Programs\MiKTeX\tex/latex/graphics-def\pdftex.def
File: pdftex.def 2022/09/22 v1.2b Graphics/color driver for pdftex
))
\Gin@req@height=\dimen150
\Gin@req@width=\dimen151
)
(C:\Users\Mi≈°a\AppData\Local\Programs\MiKTeX\tex/latex/caption\subcaption.sty
Package: subcaption 2023/07/28 v1.6b Sub-captions (AR)

(C:\Users\Mi≈°a\AppData\Local\Programs\MiKTeX\tex/latex/caption\caption.sty
Package: caption 2023/08/05 v3.6o Customizing captions (AR)

(C:\Users\Mi≈°a\AppData\Local\Programs\MiKTeX\tex/latex/caption\caption3.sty
Package: caption3 2023/07/31 v2.4d caption3 kernel (AR)
\caption@tempdima=\dimen152
\captionmargin=\dimen153
\caption@leftmargin=\dimen154
\caption@rightmargin=\dimen155
\caption@width=\dimen156
\caption@indent=\dimen157
\caption@parindent=\dimen158
\caption@hangindent=\dimen159
Package caption Info: Standard document class detected.
)
\c@caption@flags=\count266
\c@continuedfloat=\count267
)
Package caption Info: New subtype `subfigure' on input line 238.
\c@subfigure=\count268
Package caption Info: New subtype `subtable' on input line 238.
\c@subtable=\count269
) (C:\Users\Mi≈°a\AppData\Local\Programs\MiKTeX\tex/latex/float\float.sty
Package: float 2001/11/08 v1.3d Float enhancements (AL)
\c@float@type=\count270
\float@exts=\toks21
\float@box=\box51
\@float@everytoks=\toks22
\@floatcapt=\box52
)
(C:\Users\Mi≈°a\AppData\Local\Programs\MiKTeX\tex/latex/hyperref\hyperref.sty
Package: hyperref 2023-07-08 v7.01b Hypertext links for LaTeX

(C:\Users\Mi≈°a\AppData\Local\Programs\MiKTeX\tex/generic/ltxcmds\ltxcmds.sty
Package: ltxcmds 2020-05-10 v1.25 LaTeX kernel commands for general use (HO)
)
(C:\Users\Mi≈°a\AppData\Local\Programs\MiKTeX\tex/generic/pdftexcmds\pdftexcmds
.sty
Package: pdftexcmds 2020-06-27 v0.33 Utility functions of pdfTeX for LuaTeX (HO
)

(C:\Users\Mi≈°a\AppData\Local\Programs\MiKTeX\tex/generic/infwarerr\infwarerr.s
ty
Package: infwarerr 2019/12/03 v1.5 Providing info/warning/error messages (HO)
)
Package pdftexcmds Info: \pdf@primitive is available.
Package pdftexcmds Info: \pdf@ifprimitive is available.
Package pdftexcmds Info: \pdfdraftmode found.
)
(C:\Users\Mi≈°a\AppData\Local\Programs\MiKTeX\tex/latex/kvsetkeys\kvsetkeys.sty
Package: kvsetkeys 2022-10-05 v1.19 Key value parser (HO)
)
(C:\Users\Mi≈°a\AppData\Local\Programs\MiKTeX\tex/generic/kvdefinekeys\kvdefine
keys.sty
Package: kvdefinekeys 2019-12-19 v1.6 Define keys (HO)
)
(C:\Users\Mi≈°a\AppData\Local\Programs\MiKTeX\tex/generic/pdfescape\pdfescape.s
ty
Package: pdfescape 2019/12/09 v1.15 Implements pdfTeX's escape features (HO)
) (C:\Users\Mi≈°a\AppData\Local\Programs\MiKTeX\tex/latex/hycolor\hycolor.sty
Package: hycolor 2020-01-27 v1.10 Color options for hyperref/bookmark (HO)
)
(C:\Users\Mi≈°a\AppData\Local\Programs\MiKTeX\tex/latex/letltxmacro\letltxmacro
.sty
Package: letltxmacro 2019/12/03 v1.6 Let assignment for LaTeX macros (HO)
)
(C:\Users\Mi≈°a\AppData\Local\Programs\MiKTeX\tex/latex/auxhook\auxhook.sty
Package: auxhook 2019-12-17 v1.6 Hooks for auxiliary files (HO)
)
(C:\Users\Mi≈°a\AppData\Local\Programs\MiKTeX\tex/latex/hyperref\nameref.sty
Package: nameref 2023-08-07 v2.53 Cross-referencing by name of section

(C:\Users\Mi≈°a\AppData\Local\Programs\MiKTeX\tex/latex/refcount\refcount.sty
Package: refcount 2019/12/15 v3.6 Data extraction from label references (HO)
)
(C:\Users\Mi≈°a\AppData\Local\Programs\MiKTeX\tex/generic/gettitlestring\gettit
lestring.sty
Package: gettitlestring 2019/12/15 v1.6 Cleanup title references (HO)

(C:\Users\Mi≈°a\AppData\Local\Programs\MiKTeX\tex/latex/kvoptions\kvoptions.sty
Package: kvoptions 2022-06-15 v3.15 Key value format for package options (HO)
))
\c@section@level=\count271
)
(C:\Users\Mi≈°a\AppData\Local\Programs\MiKTeX\tex/latex/etoolbox\etoolbox.sty
Package: etoolbox 2020/10/05 v2.5k e-TeX tools for LaTeX (JAW)
\etb@tempcnta=\count272
)
\@linkdim=\dimen160
\Hy@linkcounter=\count273
\Hy@pagecounter=\count274

(C:\Users\Mi≈°a\AppData\Local\Programs\MiKTeX\tex/latex/hyperref\pd1enc.def
File: pd1enc.def 2023-07-08 v7.01b Hyperref: PDFDocEncoding definition (HO)
Now handling font encoding PD1 ...
... no UTF-8 mapping file for font encoding PD1
)
(C:\Users\Mi≈°a\AppData\Local\Programs\MiKTeX\tex/generic/intcalc\intcalc.sty
Package: intcalc 2019/12/15 v1.3 Expandable calculations with integers (HO)
)
\Hy@SavedSpaceFactor=\count275

(C:\Users\Mi≈°a\AppData\Local\Programs\MiKTeX\tex/latex/hyperref\puenc.def
File: puenc.def 2023-07-08 v7.01b Hyperref: PDF Unicode definition (HO)
Now handling font encoding PU ...
... no UTF-8 mapping file for font encoding PU
)
Package hyperref Info: Hyper figures OFF on input line 4167.
Package hyperref Info: Link nesting OFF on input line 4172.
Package hyperref Info: Hyper index ON on input line 4175.
Package hyperref Info: Plain pages OFF on input line 4182.
Package hyperref Info: Backreferencing OFF on input line 4187.
Package hyperref Info: Implicit mode ON; LaTeX internals redefined.
Package hyperref Info: Bookmarks ON on input line 4434.
\c@Hy@tempcnt=\count276

(C:\Users\Mi≈°a\AppData\Local\Programs\MiKTeX\tex/latex/url\url.sty
\Urlmuskip=\muskip16
Package: url 2013/09/16  ver 3.4  Verb mode for urls, etc.
)
LaTeX Info: Redefining \url on input line 4772.
\XeTeXLinkMargin=\dimen161

(C:\Users\Mi≈°a\AppData\Local\Programs\MiKTeX\tex/generic/bitset\bitset.sty
Package: bitset 2019/12/09 v1.3 Handle bit-vector datatype (HO)

(C:\Users\Mi≈°a\AppData\Local\Programs\MiKTeX\tex/generic/bigintcalc\bigintcalc
.sty
Package: bigintcalc 2019/12/15 v1.5 Expandable calculations on big integers (HO
)
))
\Fld@menulength=\count277
\Field@Width=\dimen162
\Fld@charsize=\dimen163
Package hyperref Info: Hyper figures OFF on input line 6051.
Package hyperref Info: Link nesting OFF on input line 6056.
Package hyperref Info: Hyper index ON on input line 6059.
Package hyperref Info: backreferencing OFF on input line 6066.
Package hyperref Info: Link coloring OFF on input line 6071.
Package hyperref Info: Link coloring with OCG OFF on input line 6076.
Package hyperref Info: PDF/A mode OFF on input line 6081.

(C:\Users\Mi≈°a\AppData\Local\Programs\MiKTeX\tex/latex/base\atbegshi-ltx.sty
Package: atbegshi-ltx 2021/01/10 v1.0c Emulation of the original atbegshi
package with kernel methods
)
\Hy@abspage=\count278
\c@Item=\count279
\c@Hfootnote=\count280
)
Package hyperref Info: Driver (autodetected): hpdftex.
(C:\Users\Mi≈°a\AppData\Local\Programs\MiKTeX\tex/latex/hyperref\hpdftex.def
File: hpdftex.def 2023-07-08 v7.01b Hyperref driver for pdfTeX

(C:\Users\Mi≈°a\AppData\Local\Programs\MiKTeX\tex/latex/base\atveryend-ltx.sty
Package: atveryend-ltx 2020/08/19 v1.0a Emulation of the original atveryend pac
kage
with kernel methods
)
\Fld@listcount=\count281
\c@bookmark@seq@number=\count282

(C:\Users\Mi≈°a\AppData\Local\Programs\MiKTeX\tex/latex/rerunfilecheck\rerunfil
echeck.sty
Package: rerunfilecheck 2022-07-10 v1.10 Rerun checks for auxiliary files (HO)

(C:\Users\Mi≈°a\AppData\Local\Programs\MiKTeX\tex/generic/uniquecounter\uniquec
ounter.sty
Package: uniquecounter 2019/12/15 v1.4 Provide unlimited unique counter (HO)
)
Package uniquecounter Info: New unique counter `rerunfilecheck' on input line 2
85.
)
\Hy@SectionHShift=\skip50
)
(C:\Users\Mi≈°a\AppData\Local\Programs\MiKTeX\tex/latex/titlesec\titlesec.sty
Package: titlesec 2023/10/27 v2.16 Sectioning titles
\ttl@box=\box53
\beforetitleunit=\skip51
\aftertitleunit=\skip52
\ttl@plus=\dimen164
\ttl@minus=\dimen165
\ttl@toksa=\toks23
\titlewidth=\dimen166
\titlewidthlast=\dimen167
\titlewidthfirst=\dimen168

(C:\Users\Mi≈°a\AppData\Local\Programs\MiKTeX\tex/latex/titlesec\titleps.sty))
(C:\Users\Mi≈°a\AppData\Local\Programs\MiKTeX\tex/latex/tocloft\tocloft.sty
Package: tocloft 2017/08/31 v2.3i parameterised ToC, etc., typesetting
Package tocloft Info: The document has chapter divisions on input line 51.
\cftparskip=\skip53
\cftbeforetoctitleskip=\skip54
\cftaftertoctitleskip=\skip55
\cftbeforepartskip=\skip56
\cftpartnumwidth=\skip57
\cftpartindent=\skip58
\cftbeforechapskip=\skip59
\cftchapindent=\skip60
\cftchapnumwidth=\skip61
\cftbeforesecskip=\skip62
\cftsecindent=\skip63
\cftsecnumwidth=\skip64
\cftbeforesubsecskip=\skip65
\cftsubsecindent=\skip66
\cftsubsecnumwidth=\skip67
\cftbeforesubsubsecskip=\skip68
\cftsubsubsecindent=\skip69
\cftsubsubsecnumwidth=\skip70
\cftbeforeparaskip=\skip71
\cftparaindent=\skip72
\cftparanumwidth=\skip73
\cftbeforesubparaskip=\skip74
\cftsubparaindent=\skip75
\cftsubparanumwidth=\skip76
\cftbeforeloftitleskip=\skip77
\cftafterloftitleskip=\skip78
\cftbeforefigskip=\skip79
\cftfigindent=\skip80
\cftfignumwidth=\skip81
\c@lofdepth=\count283
\c@lotdepth=\count284
\cftbeforelottitleskip=\skip82
\cftafterlottitleskip=\skip83
\cftbeforetabskip=\skip84
\cfttabindent=\skip85
\cfttabnumwidth=\skip86
)
(C:\Users\Mi≈°a\AppData\Local\Programs\MiKTeX\tex/latex/fancyhdr\fancyhdr.sty
Package: fancyhdr 2022/11/09 v4.1 Extensive control of page headers and footers

\f@nch@headwidth=\skip87
\f@nch@O@elh=\skip88
\f@nch@O@erh=\skip89
\f@nch@O@olh=\skip90
\f@nch@O@orh=\skip91
\f@nch@O@elf=\skip92
\f@nch@O@erf=\skip93
\f@nch@O@olf=\skip94
\f@nch@O@orf=\skip95
)
(C:\Users\Mi≈°a\AppData\Local\Programs\MiKTeX\tex/latex/booktabs\booktabs.sty
Package: booktabs 2020/01/12 v1.61803398 Publication quality tables
\heavyrulewidth=\dimen169
\lightrulewidth=\dimen170
\cmidrulewidth=\dimen171
\belowrulesep=\dimen172
\belowbottomsep=\dimen173
\aboverulesep=\dimen174
\abovetopsep=\dimen175
\cmidrulesep=\dimen176
\cmidrulekern=\dimen177
\defaultaddspace=\dimen178
\@cmidla=\count285
\@cmidlb=\count286
\@aboverulesep=\dimen179
\@belowrulesep=\dimen180
\@thisruleclass=\count287
\@lastruleclass=\count288
\@thisrulewidth=\dimen181
)
(C:\Users\Mi≈°a\AppData\Local\Programs\MiKTeX\tex/latex/pdfpages\pdfpages.sty
Package: pdfpages 2022/12/19 v0.5x Insert pages of external PDF documents (AM)

(C:\Users\Mi≈°a\AppData\Local\Programs\MiKTeX\tex/latex/base\ifthen.sty
Package: ifthen 2022/04/13 v1.1d Standard LaTeX ifthen package (DPC)
)
(C:\Users\Mi≈°a\AppData\Local\Programs\MiKTeX\tex/latex/tools\calc.sty
Package: calc 2017/05/25 v4.3 Infix arithmetic (KKT,FJ)
\calc@Acount=\count289
\calc@Bcount=\count290
\calc@Adimen=\dimen182
\calc@Bdimen=\dimen183
\calc@Askip=\skip96
\calc@Bskip=\skip97
LaTeX Info: Redefining \setlength on input line 80.
LaTeX Info: Redefining \addtolength on input line 81.
\calc@Ccount=\count291
\calc@Cskip=\skip98
)
(C:\Users\Mi≈°a\AppData\Local\Programs\MiKTeX\tex/latex/eso-pic\eso-pic.sty
Package: eso-pic 2023/05/03 v3.0c eso-pic (RN)
\ESO@tempdima=\dimen184
\ESO@tempdimb=\dimen185

(C:\Users\Mi≈°a\AppData\Local\Programs\MiKTeX\tex/latex/xcolor\xcolor.sty
Package: xcolor 2022/06/12 v2.14 LaTeX color extensions (UK)

(C:\Users\Mi≈°a\AppData\Local\Programs\MiKTeX\tex/latex/graphics-cfg\color.cfg
File: color.cfg 2016/01/02 v1.6 sample color configuration
)
Package xcolor Info: Driver file: pdftex.def on input line 227.
(C:\Users\Mi≈°a\AppData\Local\Programs\MiKTeX\tex/latex/graphics\mathcolor.ltx)
Package xcolor Info: Model `cmy' substituted by `cmy0' on input line 1353.
Package xcolor Info: Model `hsb' substituted by `rgb' on input line 1357.
Package xcolor Info: Model `RGB' extended on input line 1369.
Package xcolor Info: Model `HTML' substituted by `rgb' on input line 1371.
Package xcolor Info: Model `Hsb' substituted by `hsb' on input line 1372.
Package xcolor Info: Model `tHsb' substituted by `hsb' on input line 1373.
Package xcolor Info: Model `HSB' substituted by `hsb' on input line 1374.
Package xcolor Info: Model `Gray' substituted by `gray' on input line 1375.
Package xcolor Info: Model `wave' substituted by `hsb' on input line 1376.
))
\AM@pagewidth=\dimen186
\AM@pageheight=\dimen187
\AM@fboxrule=\dimen188

(C:\Users\Mi≈°a\AppData\Local\Programs\MiKTeX\tex/latex/pdfpages\pppdftex.def
File: pppdftex.def 2022/12/19 v0.5x Pdfpages driver for pdfTeX (AM)
)
\pdfpages@includegraphics@status=\count292
\AM@pagebox=\box54
\AM@global@opts=\toks24
\AM@pagecnt=\count293
\AM@toc@title=\toks25
\AM@lof@heading=\toks26
\c@AM@survey=\count294
\AM@templatesizebox=\box55
) (C:\Users\Mi≈°a\AppData\Local\Programs\MiKTeX\tex/latex/was\upgreek.sty
Package: upgreek 2003/02/12 v2.0 (WaS)
Package upgreek Info: Using Euler Roman for upright Greek on input line 31.
\symugrf@m=\mathgroup4
LaTeX Font Info:    Overwriting symbol font `ugrf@m' in version `bold'
(Font)                  U/eur/m/n --> U/eur/b/n on input line 38.
)
(C:\Users\Mi≈°a\AppData\Local\Programs\MiKTeX\tex/latex/amsmath\amsmath.sty
Package: amsmath 2023/05/13 v2.17o AMS math features
\@mathmargin=\skip99

For additional information on amsmath, use the `?' option.
(C:\Users\Mi≈°a\AppData\Local\Programs\MiKTeX\tex/latex/amsmath\amstext.sty
Package: amstext 2021/08/26 v2.01 AMS text

(C:\Users\Mi≈°a\AppData\Local\Programs\MiKTeX\tex/latex/amsmath\amsgen.sty
File: amsgen.sty 1999/11/30 v2.0 generic functions
\@emptytoks=\toks27
\ex@=\dimen189
))
(C:\Users\Mi≈°a\AppData\Local\Programs\MiKTeX\tex/latex/amsmath\amsbsy.sty
Package: amsbsy 1999/11/29 v1.2d Bold Symbols
\pmbraise@=\dimen190
)
(C:\Users\Mi≈°a\AppData\Local\Programs\MiKTeX\tex/latex/amsmath\amsopn.sty
Package: amsopn 2022/04/08 v2.04 operator names
)
\inf@bad=\count295
LaTeX Info: Redefining \frac on input line 234.
\uproot@=\count296
\leftroot@=\count297
LaTeX Info: Redefining \overline on input line 399.
LaTeX Info: Redefining \colon on input line 410.
\classnum@=\count298
\DOTSCASE@=\count299
LaTeX Info: Redefining \ldots on input line 496.
LaTeX Info: Redefining \dots on input line 499.
LaTeX Info: Redefining \cdots on input line 620.
\Mathstrutbox@=\box56
\strutbox@=\box57
LaTeX Info: Redefining \big on input line 722.
LaTeX Info: Redefining \Big on input line 723.
LaTeX Info: Redefining \bigg on input line 724.
LaTeX Info: Redefining \Bigg on input line 725.
\big@size=\dimen191
LaTeX Font Info:    Redeclaring font encoding OML on input line 743.
LaTeX Font Info:    Redeclaring font encoding OMS on input line 744.
\macc@depth=\count300
LaTeX Info: Redefining \bmod on input line 905.
LaTeX Info: Redefining \pmod on input line 910.
LaTeX Info: Redefining \smash on input line 940.
LaTeX Info: Redefining \relbar on input line 970.
LaTeX Info: Redefining \Relbar on input line 971.
\c@MaxMatrixCols=\count301
\dotsspace@=\muskip17
\c@parentequation=\count302
\dspbrk@lvl=\count303
\tag@help=\toks28
\row@=\count304
\column@=\count305
\maxfields@=\count306
\andhelp@=\toks29
\eqnshift@=\dimen192
\alignsep@=\dimen193
\tagshift@=\dimen194
\tagwidth@=\dimen195
\totwidth@=\dimen196
\lineht@=\dimen197
\@envbody=\toks30
\multlinegap=\skip100
\multlinetaggap=\skip101
\mathdisplay@stack=\toks31
LaTeX Info: Redefining \[ on input line 2953.
LaTeX Info: Redefining \] on input line 2954.
)
(C:\Users\Mi≈°a\AppData\Local\Programs\MiKTeX\tex/latex/amsfonts\amsfonts.sty
Package: amsfonts 2013/01/14 v3.01 Basic AMSFonts support
\symAMSa=\mathgroup5
\symAMSb=\mathgroup6
LaTeX Font Info:    Redeclaring math symbol \hbar on input line 98.
LaTeX Font Info:    Overwriting math alphabet `\mathfrak' in version `bold'
(Font)                  U/euf/m/n --> U/euf/b/n on input line 106.
)
(C:\Users\Mi≈°a\AppData\Local\Programs\MiKTeX\tex/latex/esint\esint.sty
Package: esint 
\symlargesymbolsA=\mathgroup7
)
(C:\Users\Mi≈°a\AppData\Local\Programs\MiKTeX\tex/latex/jknappen\mathrsfs.sty
Package: mathrsfs 1996/01/01 Math RSFS package v1.0 (jk)
\symrsfs=\mathgroup8
)
(C:\Users\Mi≈°a\AppData\Local\Programs\MiKTeX\tex/latex/psnfss\helvet.sty
Package: helvet 2020/03/25 PSNFSS-v9.3 (WaS) 
)
(C:\Users\Mi≈°a\AppData\Local\Programs\MiKTeX\tex/latex/psnfss\mathptmx.sty
Package: mathptmx 2020/03/25 PSNFSS-v9.3 Times w/ Math, improved (SPQR, WaS) 
LaTeX Font Info:    Redeclaring symbol font `operators' on input line 28.
LaTeX Font Info:    Overwriting symbol font `operators' in version `normal'
(Font)                  OT1/cmr/m/n --> OT1/ztmcm/m/n on input line 28.
LaTeX Font Info:    Overwriting symbol font `operators' in version `bold'
(Font)                  OT1/cmr/bx/n --> OT1/ztmcm/m/n on input line 28.
LaTeX Font Info:    Redeclaring symbol font `letters' on input line 29.
LaTeX Font Info:    Overwriting symbol font `letters' in version `normal'
(Font)                  OML/cmm/m/it --> OML/ztmcm/m/it on input line 29.
LaTeX Font Info:    Overwriting symbol font `letters' in version `bold'
(Font)                  OML/cmm/b/it --> OML/ztmcm/m/it on input line 29.
LaTeX Font Info:    Redeclaring symbol font `symbols' on input line 30.
LaTeX Font Info:    Overwriting symbol font `symbols' in version `normal'
(Font)                  OMS/cmsy/m/n --> OMS/ztmcm/m/n on input line 30.
LaTeX Font Info:    Overwriting symbol font `symbols' in version `bold'
(Font)                  OMS/cmsy/b/n --> OMS/ztmcm/m/n on input line 30.
LaTeX Font Info:    Redeclaring symbol font `largesymbols' on input line 31.
LaTeX Font Info:    Overwriting symbol font `largesymbols' in version `normal'
(Font)                  OMX/cmex/m/n --> OMX/ztmcm/m/n on input line 31.
LaTeX Font Info:    Overwriting symbol font `largesymbols' in version `bold'
(Font)                  OMX/cmex/m/n --> OMX/ztmcm/m/n on input line 31.
\symbold=\mathgroup9
\symitalic=\mathgroup10
LaTeX Font Info:    Redeclaring math alphabet \mathbf on input line 34.
LaTeX Font Info:    Overwriting math alphabet `\mathbf' in version `normal'
(Font)                  OT1/cmr/bx/n --> OT1/ptm/bx/n on input line 34.
LaTeX Font Info:    Overwriting math alphabet `\mathbf' in version `bold'
(Font)                  OT1/cmr/bx/n --> OT1/ptm/bx/n on input line 34.
LaTeX Font Info:    Redeclaring math alphabet \mathit on input line 35.
LaTeX Font Info:    Overwriting math alphabet `\mathit' in version `normal'
(Font)                  OT1/cmr/m/it --> OT1/ptm/m/it on input line 35.
LaTeX Font Info:    Overwriting math alphabet `\mathit' in version `bold'
(Font)                  OT1/cmr/bx/it --> OT1/ptm/m/it on input line 35.
LaTeX Info: Redefining \hbar on input line 50.
)
(C:\Users\Mi≈°a\AppData\Local\Programs\MiKTeX\tex/latex/oswald\Oswald.sty
Package: Oswald 2021/10/17 (Carl-Clemens Ebinger and autoinst) Style file for O
swald fonts.

(C:\Users\Mi≈°a\AppData\Local\Programs\MiKTeX\tex/latex/xkeyval\xkeyval.sty
Package: xkeyval 2022/06/16 v2.9 package option processing (HA)

(C:\Users\Mi≈°a\AppData\Local\Programs\MiKTeX\tex/generic/xkeyval\xkeyval.tex
(C:\Users\Mi≈°a\AppData\Local\Programs\MiKTeX\tex/generic/xkeyval\xkvutils.tex
\XKV@toks=\toks32
\XKV@tempa@toks=\toks33
)
\XKV@depth=\count307
File: xkeyval.tex 2014/12/03 v2.7a key=value parser (HA)
)) (C:\Users\Mi≈°a\AppData\Local\Programs\MiKTeX\tex/latex/base\fontenc.sty
Package: fontenc 2021/04/29 v2.0v Standard LaTeX package
LaTeX Font Info:    Trying to load font information for T1+ptm on input line 11
2.

(C:\Users\Mi≈°a\AppData\Local\Programs\MiKTeX\tex/latex/psnfss\t1ptm.fd
File: t1ptm.fd 2001/06/04 font definitions for T1/ptm.
)<<t1.cmap>>) (C:\Users\Mi≈°a\AppData\Local\Programs\MiKTeX\tex/latex/base\text
comp.sty
Package: textcomp 2020/02/02 v2.0n Standard LaTeX package
) (C:\Users\Mi≈°a\AppData\Local\Programs\MiKTeX\tex/latex/fontaxes\fontaxes.sty
Package: fontaxes 2020/07/21 v1.0e Font selection axes
LaTeX Info: Redefining \upshape on input line 29.
LaTeX Info: Redefining \itshape on input line 31.
LaTeX Info: Redefining \slshape on input line 33.
LaTeX Info: Redefining \swshape on input line 35.
LaTeX Info: Redefining \scshape on input line 37.
LaTeX Info: Redefining \sscshape on input line 39.
LaTeX Info: Redefining \ulcshape on input line 41.
LaTeX Info: Redefining \textsw on input line 47.
LaTeX Info: Redefining \textssc on input line 48.
LaTeX Info: Redefining \textulc on input line 49.
))
(C:\Users\Mi≈°a\AppData\Local\Programs\MiKTeX\tex/latex/listings\listings.sty
\lst@mode=\count308
\lst@gtempboxa=\box58
\lst@token=\toks34
\lst@length=\count309
\lst@currlwidth=\dimen198
\lst@column=\count310
\lst@pos=\count311
\lst@lostspace=\dimen199
\lst@width=\dimen256
\lst@newlines=\count312
\lst@lineno=\count313
\lst@maxwidth=\dimen257

(C:\Users\Mi≈°a\AppData\Local\Programs\MiKTeX\tex/latex/listings\lstmisc.sty
File: lstmisc.sty 2023/02/27 1.9 (Carsten Heinz)
\c@lstnumber=\count314
\lst@skipnumbers=\count315
\lst@framebox=\box59
)
(C:\Users\Mi≈°a\AppData\Local\Programs\MiKTeX\tex/latex/listings\listings.cfg
File: listings.cfg 2023/02/27 1.9 listings configuration
))
Package: listings 2023/02/27 1.9 (Carsten Heinz)
(C:\Users\Mi≈°a\AppData\Local\Programs\MiKTeX\tex/latex/lipsum\lipsum.sty
(C:\Users\Mi≈°a\AppData\Local\Programs\MiKTeX\tex/latex/l3packages/l3keys2e\l3k
eys2e.sty
(C:\Users\Mi≈°a\AppData\Local\Programs\MiKTeX\tex/latex/l3kernel\expl3.sty
Package: expl3 2023-08-29 L3 programming layer (loader) 

(C:\Users\Mi≈°a\AppData\Local\Programs\MiKTeX\tex/latex/l3backend\l3backend-pdf
tex.def
File: l3backend-pdftex.def 2023-04-19 L3 backend support: PDF output (pdfTeX)
\l__color_backend_stack_int=\count316
\l__pdf_internal_box=\box60
))
Package: l3keys2e 2023-08-29 LaTeX2e option processing using LaTeX3 keys
)
Package: lipsum 2021-09-20 v2.7 150 paragraphs of Lorem Ipsum dummy text
\g__lipsum_par_int=\count317
\l__lipsum_a_int=\count318
\l__lipsum_b_int=\count319

(C:\Users\Mi≈°a\AppData\Local\Programs\MiKTeX\tex/latex/lipsum\lipsum.ltd.tex))
(dokumentace.aux)
\openout1 = `dokumentace.aux'.

LaTeX Font Info:    Checking defaults for OML/cmm/m/it on input line 165.
LaTeX Font Info:    ... okay on input line 165.
LaTeX Font Info:    Checking defaults for OMS/cmsy/m/n on input line 165.
LaTeX Font Info:    ... okay on input line 165.
LaTeX Font Info:    Checking defaults for OT1/cmr/m/n on input line 165.
LaTeX Font Info:    ... okay on input line 165.
LaTeX Font Info:    Checking defaults for T1/cmr/m/n on input line 165.
LaTeX Font Info:    ... okay on input line 165.
LaTeX Font Info:    Checking defaults for TS1/cmr/m/n on input line 165.
LaTeX Font Info:    ... okay on input line 165.
LaTeX Font Info:    Checking defaults for OMX/cmex/m/n on input line 165.
LaTeX Font Info:    ... okay on input line 165.
LaTeX Font Info:    Checking defaults for U/cmr/m/n on input line 165.
LaTeX Font Info:    ... okay on input line 165.
LaTeX Font Info:    Checking defaults for PD1/pdf/m/n on input line 165.
LaTeX Font Info:    ... okay on input line 165.
LaTeX Font Info:    Checking defaults for PU/pdf/m/n on input line 165.
LaTeX Font Info:    ... okay on input line 165.

*geometry* driver: auto-detecting
*geometry* detected driver: pdftex
*geometry* verbose mode - [ preamble ] result:
* driver: pdftex
* paper: a4paper
* layout: <same size as paper>
* layoutoffset:(h,v)=(0.0pt,0.0pt)
* modes: twoside 
* h-part:(L,W,R)=(99.58464pt, 455.24411pt, 42.67912pt)
* v-part:(T,H,B)=(71.13188pt, 702.78308pt, 71.13188pt)
* \paperwidth=597.50787pt
* \paperheight=845.04684pt
* \textwidth=455.24411pt
* \textheight=702.78308pt
* \oddsidemargin=27.31465pt
* \evensidemargin=-29.59087pt
* \topmargin=-38.1381pt
* \headheight=12.0pt
* \headsep=25.0pt
* \topskip=12.0pt
* \footskip=30.0pt
* \marginparwidth=85.0pt
* \marginparsep=10.0pt
* \columnsep=10.0pt
* \skip\footins=10.8pt plus 4.0pt minus 2.0pt
* \hoffset=0.0pt
* \voffset=0.0pt
* \mag=1000
* \@twocolumnfalse
* \@twosidetrue
* \@mparswitchtrue
* \@reversemarginfalse
* (1in=72.27pt=25.4mm, 1cm=28.453pt)


(C:\Users\Mi≈°a\AppData\Local\Programs\MiKTeX\tex/context/base/mkii\supp-pdf.mk
ii
[Loading MPS to PDF converter (version 2006.09.02).]
\scratchcounter=\count320
\scratchdimen=\dimen258
\scratchbox=\box61
\nofMPsegments=\count321
\nofMParguments=\count322
\everyMPshowfont=\toks35
\MPscratchCnt=\count323
\MPscratchDim=\dimen259
\MPnumerator=\count324
\makeMPintoPDFobject=\count325
\everyMPtoPDFconversion=\toks36
)
(C:\Users\Mi≈°a\AppData\Local\Programs\MiKTeX\tex/latex/epstopdf-pkg\epstopdf-b
ase.sty
Package: epstopdf-base 2020-01-24 v2.11 Base part for package epstopdf
Package epstopdf-base Info: Redefining graphics rule for `.eps' on input line 4
85.

(C:\Users\Mi≈°a\AppData\Local\Programs\MiKTeX\tex/latex/00miktex\epstopdf-sys.c
fg
File: epstopdf-sys.cfg 2021/03/18 v2.0 Configuration of epstopdf for MiKTeX
))
Package caption Info: Begin \AtBeginDocument code.
Package caption Info: float package is loaded.
Package caption Info: hyperref package is loaded.
Package caption Info: listings package is loaded.
Package caption Info: End \AtBeginDocument code.
Package hyperref Info: Link coloring OFF on input line 165.
 (dokumentace.out) (dokumentace.out)
\@outlinefile=\write3
\openout3 = `dokumentace.out'.


(C:\Users\Mi≈°a\AppData\Local\Programs\MiKTeX\tex/latex/pdflscape\pdflscape.sty
Package: pdflscape 2022-10-27 v0.13 Display of landscape pages in PDF

(C:\Users\Mi≈°a\AppData\Local\Programs\MiKTeX\tex/latex/pdflscape\pdflscape-nom
etadata.sty
Package: pdflscape-nometadata 2022-10-28 v0.13 Display of landscape pages in PD
F (HO)

(C:\Users\Mi≈°a\AppData\Local\Programs\MiKTeX\tex/latex/graphics\lscape.sty
Package: lscape 2020/05/28 v3.02 Landscape Pages (DPC)
)
Package pdflscape Info: Auto-detected driver: pdftex on input line 81.
))
\c@mv@tabular=\count326
\c@mv@boldtabular=\count327
\c@lstlisting=\count328
LaTeX Font Info:    Trying to load font information for T1+phv on input line 17
5.

(C:\Users\Mi≈°a\AppData\Local\Programs\MiKTeX\tex/latex/psnfss\t1phv.fd
File: t1phv.fd 2020/03/25 scalable font definitions for T1/phv.
)
<image/logo-skoly.png, id=84, 356.2911pt x 137.5539pt>
File: image/logo-skoly.png Graphic file (type png)
<use image/logo-skoly.png>
Package pdftex.def Info: image/logo-skoly.png  used on input line 179.
(pdftex.def)             Requested size: 273.14923pt x 105.45715pt.
<image/logo.png, id=86, 2055.68pt x 2055.68pt>
File: image/logo.png Graphic file (type png)
<use image/logo.png>
Package pdftex.def Info: image/logo.png  used on input line 197.
(pdftex.def)             Requested size: 227.62206pt x 227.59975pt.
LaTeX Font Info:    Trying to load font information for OT1+ztmcm on input line
 202.

(C:\Users\Mi≈°a\AppData\Local\Programs\MiKTeX\tex/latex/psnfss\ot1ztmcm.fd
File: ot1ztmcm.fd 2000/01/03 Fontinst v1.801 font definitions for OT1/ztmcm.
)<<ot1.cmap>>
LaTeX Font Info:    Trying to load font information for OML+ztmcm on input line
 202.

(C:\Users\Mi≈°a\AppData\Local\Programs\MiKTeX\tex/latex/psnfss\omlztmcm.fd
File: omlztmcm.fd 2000/01/03 Fontinst v1.801 font definitions for OML/ztmcm.
)<<oml.cmap>>
LaTeX Font Info:    Trying to load font information for OMS+ztmcm on input line
 202.

(C:\Users\Mi≈°a\AppData\Local\Programs\MiKTeX\tex/latex/psnfss\omsztmcm.fd
File: omsztmcm.fd 2000/01/03 Fontinst v1.801 font definitions for OMS/ztmcm.
)<<oms.cmap>>
LaTeX Font Info:    Trying to load font information for OMX+ztmcm on input line
 202.

(C:\Users\Mi≈°a\AppData\Local\Programs\MiKTeX\tex/latex/psnfss\omxztmcm.fd
File: omxztmcm.fd 2000/01/03 Fontinst v1.801 font definitions for OMX/ztmcm.
)<<omx.cmap>>
LaTeX Font Info:    Trying to load font information for U+esint on input line 2
02.

(C:\Users\Mi≈°a\AppData\Local\Programs\MiKTeX\tex/latex/esint\uesint.fd
File: uesint.fd 
)
LaTeX Font Info:    Trying to load font information for U+rsfs on input line 20
2.

(C:\Users\Mi≈°a\AppData\Local\Programs\MiKTeX\tex/latex/jknappen\ursfs.fd
File: ursfs.fd 1998/03/24 rsfs font definition file (jk)
)
LaTeX Font Info:    Trying to load font information for OT1+ptm on input line 2
02.

(C:\Users\Mi≈°a\AppData\Local\Programs\MiKTeX\tex/latex/psnfss\ot1ptm.fd
File: ot1ptm.fd 2001/06/04 font definitions for OT1/ptm.
)
LaTeX Font Info:    Font shape `OT1/ptm/bx/n' in size <12> not available
(Font)              Font shape `OT1/ptm/b/n' tried instead on input line 202.
LaTeX Font Info:    Font shape `OT1/ptm/bx/n' in size <9> not available
(Font)              Font shape `OT1/ptm/b/n' tried instead on input line 202.
LaTeX Font Info:    Font shape `OT1/ptm/bx/n' in size <7> not available
(Font)              Font shape `OT1/ptm/b/n' tried instead on input line 202.

[1


{C:/Users/Mi≈°a/AppData/Local/MiKTeX/fonts/map/pdftex/pdftex.map}{C:/Users/Mi≈°
a/AppData/Local/Programs/MiKTeX/fonts/enc/dvips/base/8r.enc} <./image/logo-skol
y.png> <./image/logo.png>] [2

] [3] [4

] [5] [6

] (dokumentace.toc)
\tf@toc=\write4
\openout4 = `dokumentace.toc'.

 [1] [2


]
[3] [4


]
Kapitola 1.
LaTeX Font Info:    Trying to load font information for TS1+ptm on input line 3
15.
(C:\Users\Mi≈°a\AppData\Local\Programs\MiKTeX\tex/latex/psnfss\ts1ptm.fd
File: ts1ptm.fd 2001/06/04 font definitions for TS1/ptm.
)
[5] [6]
Kapitola 2.
<image/modelovani.jpg, id=171, 597.23125pt x 369.38pt>
File: image/modelovani.jpg Graphic file (type jpg)
<use image/modelovani.jpg>
Package pdftex.def Info: image/modelovani.jpg  used on input line 374.
(pdftex.def)             Requested size: 364.19667pt x 225.25383pt.
[7


 <./image/modelovani.jpg>]
<image/modelovani2.jpg, id=178, 700.6175pt x 408.52625pt>
File: image/modelovani2.jpg Graphic file (type jpg)
<use image/modelovani2.jpg>
Package pdftex.def Info: image/modelovani2.jpg  used on input line 385.
(pdftex.def)             Requested size: 227.62206pt x 132.72581pt.
<image/modelovani3.jpg, id=179, 444.66125pt x 430.60875pt>
File: image/modelovani3.jpg Graphic file (type jpg)
<use image/modelovani3.jpg>
Package pdftex.def Info: image/modelovani3.jpg  used on input line 395.
(pdftex.def)             Requested size: 199.16928pt x 192.87196pt.
<image/modelovani5.jpg, id=180, 280.04625pt x 347.2975pt>
File: image/modelovani5.jpg Graphic file (type jpg)
<use image/modelovani5.jpg>
Package pdftex.def Info: image/modelovani5.jpg  used on input line 397.
(pdftex.def)             Requested size: 199.16928pt x 247.00688pt.
 [8 <./image/modelovani2.jpg> <./image/modelovani3.jpg> <./image/modelovani5.jp
g>]
<image/modelovani6.jpg, id=187, 484.81125pt x 365.365pt>
File: image/modelovani6.jpg Graphic file (type jpg)
<use image/modelovani6.jpg>
Package pdftex.def Info: image/modelovani6.jpg  used on input line 409.
(pdftex.def)             Requested size: 199.16928pt x 150.10167pt.
<image/modelovani7.jpg, id=188, 575.14874pt x 390.45876pt>
File: image/modelovani7.jpg Graphic file (type jpg)
<use image/modelovani7.jpg>
Package pdftex.def Info: image/modelovani7.jpg  used on input line 411.
(pdftex.def)             Requested size: 199.16928pt x 135.20888pt.
<image/modelovani8.jpg, id=189, 448.67625pt x 331.2375pt>
File: image/modelovani8.jpg Graphic file (type jpg)
<use image/modelovani8.jpg>
Package pdftex.def Info: image/modelovani8.jpg  used on input line 420.
(pdftex.def)             Requested size: 199.16928pt x 147.03378pt.
<image/modelovani9.jpg, id=190, 344.28625pt x 199.74625pt>
File: image/modelovani9.jpg Graphic file (type jpg)
<use image/modelovani9.jpg>
Package pdftex.def Info: image/modelovani9.jpg  used on input line 422.
(pdftex.def)             Requested size: 199.16928pt x 115.5542pt.
<image/modelovani10.jpg, id=191, 652.4375pt x 196.735pt>
File: image/modelovani10.jpg Graphic file (type jpg)
<use image/modelovani10.jpg>
Package pdftex.def Info: image/modelovani10.jpg  used on input line 432.
(pdftex.def)             Requested size: 364.19667pt x 109.8226pt.
 [9

 <./image/modelovani6.jpg> <./image/modelovani7.jpg> <./image/modelovani8.jpg> 
<./image/modelovani9.jpg> <./image/modelovani10.jpg>]
<image/material.jpg, id=199, 453.695pt x 148.555pt>
File: image/material.jpg Graphic file (type jpg)
<use image/material.jpg>
Package pdftex.def Info: image/material.jpg  used on input line 446.
(pdftex.def)             Requested size: 199.16928pt x 65.21478pt.
<image/material1.jpg, id=200, 443.6575pt x 317.185pt>
File: image/material1.jpg Graphic file (type jpg)
<use image/material1.jpg>
Package pdftex.def Info: image/material1.jpg  used on input line 448.
(pdftex.def)             Requested size: 199.16928pt x 142.38829pt.
 [10

 <./image/material.jpg> <./image/material1.jpg>]
Kapitola 3.
<image/hierarchy.jpg, id=206, 175.65625pt x 149.55875pt>
File: image/hierarchy.jpg Graphic file (type jpg)
<use image/hierarchy.jpg>
Package pdftex.def Info: image/hierarchy.jpg  used on input line 476.
(pdftex.def)             Requested size: 182.09486pt x 155.05362pt.
<image/assets.jpg, id=207, 656.4525pt x 233.87375pt>
File: image/assets.jpg Graphic file (type jpg)
<use image/assets.jpg>
Package pdftex.def Info: image/assets.jpg  used on input line 489.
(pdftex.def)             Requested size: 364.19667pt x 129.75148pt.

LaTeX Warning: `!h' float specifier changed to `!ht'.

[11


 <./image/hierarchy.jpg>]
<image/build.jpg, id=213, 271.0125pt x 168.63pt>
File: image/build.jpg Graphic file (type jpg)
<use image/build.jpg>
Package pdftex.def Info: image/build.jpg  used on input line 508.
(pdftex.def)             Requested size: 199.16928pt x 123.93254pt.
<image/arorigincomponents.jpg, id=214, 271.0125pt x 168.63pt>
File: image/arorigincomponents.jpg Graphic file (type jpg)
<use image/arorigincomponents.jpg>
Package pdftex.def Info: image/arorigincomponents.jpg  used on input line 510.
(pdftex.def)             Requested size: 199.16928pt x 123.93254pt.
 [12 <./image/assets.jpg> <./image/build.jpg> <./image/arorigincomponents.jpg>]

(C:\Users\Mi≈°a\AppData\Local\Programs\MiKTeX\tex/latex/listings\lstlang1.sty
File: lstlang1.sty 2023/02/27 1.9 listings language file
)
(C:\Users\Mi≈°a\AppData\Local\Programs\MiKTeX\tex/latex/listings\lstmisc.sty
File: lstmisc.sty 2023/02/27 1.9 (Carsten Heinz)
)
Package hyperref Info: bookmark level for unknown lstlisting defaults to 0 on i
nput line 527.
LaTeX Font Info:    Trying to load font information for T1+cmtt on input line 5
27.

(C:\Users\Mi≈°a\AppData\Local\Programs\MiKTeX\tex/latex/base\t1cmtt.fd
File: t1cmtt.fd 2023/04/13 v2.5m Standard LaTeX font definitions
)
Overfull \hbox (1.59433pt too wide) in paragraph at lines 528--529
[][][][][][][][][][][][][][][][][][][][][][][][] 
 []

[13] [14]
<image/houseImage.png, id=267, 2055.68pt x 2055.68pt>
File: image/houseImage.png Graphic file (type png)
<use image/houseImage.png>
Package pdftex.def Info: image/houseImage.png  used on input line 597.
(pdftex.def)             Requested size: 199.16928pt x 199.14978pt.
<image/house.png, id=268, 642.4pt x 424.58624pt>
File: image/house.png Graphic file (type png)
<use image/house.png>
Package pdftex.def Info: image/house.png  used on input line 599.
(pdftex.def)             Requested size: 227.62204pt x 150.44087pt.
 [15 <./image/houseImage.png> <./image/house.png>]
<image/mechatronika.png, id=277, 950.55125pt x 832.10875pt>
File: image/mechatronika.png Graphic file (type png)
<use image/mechatronika.png>
Package pdftex.def Info: image/mechatronika.png  used on input line 613.
(pdftex.def)             Requested size: 113.81102pt x 99.6202pt.
<image/pist.png, id=278, 642.4pt x 424.58624pt>
File: image/pist.png Graphic file (type png)
<use image/pist.png>
Package pdftex.def Info: image/pist.png  used on input line 621.
(pdftex.def)             Requested size: 199.16928pt x 131.6398pt.
<image/kladka.png, id=279, 682.55pt x 424.58624pt>
File: image/kladka.png Graphic file (type png)
<use image/kladka.png>
Package pdftex.def Info: image/kladka.png  used on input line 623.
(pdftex.def)             Requested size: 199.16928pt x 123.89133pt.
<image/modul.png, id=280, 642.4pt x 424.58624pt>
File: image/modul.png Graphic file (type png)
<use image/modul.png>
Package pdftex.def Info: image/modul.png  used on input line 630.
(pdftex.def)             Requested size: 199.16928pt x 131.6398pt.
<image/skrtic.png, id=281, 642.4pt x 424.58624pt>
File: image/skrtic.png Graphic file (type png)
<use image/skrtic.png>
Package pdftex.def Info: image/skrtic.png  used on input line 632.
(pdftex.def)             Requested size: 199.16928pt x 131.6398pt.
 [16 <./image/mechatronika.png> <./image/pist.png> <./image/kladka.png> <./imag
e/modul.png> <./image/skrtic.png>]
<image/pcImage.png, id=295, 1626.075pt x 1193.45876pt>
File: image/pcImage.png Graphic file (type png)
<use image/pcImage.png>
Package pdftex.def Info: image/pcImage.png  used on input line 649.
(pdftex.def)             Requested size: 136.57462pt x 100.23163pt.
<image/pc.png, id=296, 630.355pt x 543.02875pt>
File: image/pc.png Graphic file (type png)
<use image/pc.png>
Package pdftex.def Info: image/pc.png  used on input line 656.
(pdftex.def)             Requested size: 273.14923pt x 235.30414pt.
<image/cpu.png, id=297, 524.96124pt x 238.8925pt>
File: image/cpu.png Graphic file (type png)
<use image/cpu.png>
Package pdftex.def Info: image/cpu.png  used on input line 664.
(pdftex.def)             Requested size: 199.16928pt x 90.63428pt.
<image/ssd.png, id=298, 607.26875pt x 281.05pt>
File: image/ssd.png Graphic file (type png)
<use image/ssd.png>
Package pdftex.def Info: image/ssd.png  used on input line 666.
(pdftex.def)             Requested size: 199.16928pt x 92.1764pt.
 [17 <./image/pcImage.png> <./image/pc.png>]
<image/psu.png, id=308, 379.4175pt x 282.05376pt>
File: image/psu.png Graphic file (type png)
<use image/psu.png>
Package pdftex.def Info: image/psu.png  used on input line 673.
(pdftex.def)             Requested size: 199.16928pt x 148.06322pt.
<image/ram.png, id=309, 577.15625pt x 225.84375pt>
File: image/ram.png Graphic file (type png)
<use image/ram.png>
Package pdftex.def Info: image/ram.png  used on input line 675.
(pdftex.def)             Requested size: 199.16928pt x 77.93684pt.
<image/gpu.png, id=310, 593.21625pt x 300.12125pt>
File: image/gpu.png Graphic file (type png)
<use image/gpu.png>
Package pdftex.def Info: image/gpu.png  used on input line 682.
(pdftex.def)             Requested size: 273.14923pt x 138.19482pt.
 [18 <./image/cpu.png> <./image/ssd.png> <./image/psu.png> <./image/ram.png> <.
/image/gpu.png>]
<image/checkersImage.png, id=323, 1626.075pt x 2168.1pt>
File: image/checkersImage.png Graphic file (type png)
<use image/checkersImage.png>
Package pdftex.def Info: image/checkersImage.png  used on input line 697.
(pdftex.def)             Requested size: 199.16928pt x 265.55322pt.
<image/checkers.png, id=324, 642.4pt x 424.58624pt>
File: image/checkers.png Graphic file (type png)
<use image/checkers.png>
Package pdftex.def Info: image/checkers.png  used on input line 699.
(pdftex.def)             Requested size: 199.16928pt x 131.6398pt.

[19 <./image/checkersImage.png> <./image/checkers.png>]
<image/drawingCanvas.png, id=335, 975.645pt x 1047.915pt>
File: image/drawingCanvas.png Graphic file (type png)
<use image/drawingCanvas.png>
Package pdftex.def Info: image/drawingCanvas.png  used on input line 711.
(pdftex.def)             Requested size: 170.71652pt x 183.35588pt.
<image/drawing.jpg, id=336, 783.92876pt x 165.61874pt>
File: image/drawing.jpg Graphic file (type jpg)
<use image/drawing.jpg>
Package pdftex.def Info: image/drawing.jpg  used on input line 713.
(pdftex.def)             Requested size: 170.71652pt x 36.06474pt.
 [20 <./image/drawingCanvas.png (PNG copy)> <./image/drawing.jpg>] [21


] [22


]
Underfull \hbox (badness 2894) in paragraph at lines 740--741
[]\T1/ptm/m/it/12 Create UI ANI-MATI-ONS wi-thout CO-DING! - Unity UI tu-to-ria
l \T1/ptm/m/n/12 [on-line]. You-
 []


Underfull \hbox (badness 10000) in paragraph at lines 742--743
[]\T1/ptm/m/it/12 Hospod·∞skÈ no-viny: P•t ob-lastÌ, kde m∑-∫ete nej-lÈpe vy-u-
∫Ìt roz-≤Ì-∞e-
 []


Underfull \hbox (badness 10000) in paragraph at lines 742--743
\T1/ptm/m/it/12 nou re-a-litu \T1/ptm/m/n/12 [on-line]. [cit. 2023-12-17]. Do-s
tupnÈ z: []$\T1/cmtt/m/n/12 https : / / hn . cz /
 []


Underfull \hbox (badness 10000) in paragraph at lines 747--748
[]\T1/ptm/m/it/12 Medium: How to Cre-ate AR Dra-w/-Do-od-ling in Unity3D \T1/pt
m/m/n/12 [on-line].
 []


Underfull \hbox (badness 10000) in paragraph at lines 747--748
\T1/ptm/m/n/12 [cit. 2023-12-17]. Do-stupnÈ z: []$\T1/cmtt/m/n/12 https : / / m
edium . com / antaeus-[]ar /
 []


Underfull \hbox (badness 6110) in paragraph at lines 749--750
[]\T1/ptm/m/it/12 Onirix: What Are The Di-f-fe-rent Ty-pes of Aug-men-ted Re-a-
lity? \T1/ptm/m/n/12 [on-line]. [cit.
 []


Underfull \hbox (badness 10000) in paragraph at lines 749--750
\T1/ptm/m/n/12 2023-12-17]. Do-stupnÈ z: []$\T1/cmtt/m/n/12 https : / / www . o
nirix . com / learn-[]about-[]ar /
 []


Underfull \hbox (badness 2111) in paragraph at lines 751--752
\T1/ptm/m/it/12 ve-lo-p-ment \T1/ptm/m/n/12 [on-line]. [cit. 2023-12-17]. Do-st
upnÈ z: []$\T1/cmtt/m/n/12 https : / / hub . packtpub . com /
 []


Underfull \hbox (badness 3148) in paragraph at lines 753--754
[]\T1/ptm/m/it/12 Quickly pre-view your game on An-droid de-vice | Unity tu-to-
rial \T1/ptm/m/n/12 [on-line]. You-
 []


Underfull \hbox (badness 10000) in paragraph at lines 755--756
[]\T1/ptm/m/it/12 Quick Out-line: Par-ticle-s/E-f-fects \T1/ptm/m/n/12 [on-line
]. [cit. 2023-12-17]. Do-stupnÈ z:
 []


Underfull \hbox (badness 10000) in paragraph at lines 755--756
[]$\T1/cmtt/m/n/12 https : / / assetstore . unity . com / packages / tools / pa
rticles-[]effects /
 []

[23]
Underfull \hbox (badness 2818) in paragraph at lines 775--776
[]\T1/ptm/m/it/12 ⁄vod do tÈ-matu: Roz-≤Ì-∞en· re-a-lita (AR) ve vzd•-l·-v·nÌ: 
O2 Chytr· ≤kola \T1/ptm/m/n/12 [on-
 []

(dokumentace.lof [24])
\tf@lof=\write5
\openout5 = `dokumentace.lof'.

 [25] (dokumentace.aux)
 ***********
LaTeX2e <2023-06-01> patch level 1
L3 programming layer <2023-08-29>
 ***********
Package rerunfilecheck Info: File `dokumentace.out' has not changed.
(rerunfilecheck)             Checksum: B8A03AAE1A77F0CE6685F02617882FD8;3235.
 ) 
Here is how much of TeX's memory you used:
 18602 strings out of 475247
 301367 string characters out of 5757791
 1948785 words of memory out of 5000000
 39618 multiletter control sequences out of 15000+600000
 623925 words of font info for 103 fonts, out of 8000000 for 9000
 1141 hyphenation exceptions out of 8191
 79i,11n,97p,757b,1362s stack positions out of 10000i,1000n,20000p,200000b,200000s
 <C:\Users\Mi≈°a\AppData\Local\MiKTeX\fonts/pk/ljfour/jknappen/ec/dpi600\ectt
1200.pk><C:/Users/Mi≈°a/AppData/Local/Programs/MiKTeX/fonts/type1/urw/helvetic/
uhvb8a.pfb><C:/Users/Mi≈°a/AppData/Local/Programs/MiKTeX/fonts/type1/urw/times/
utmb8a.pfb><C:/Users/Mi≈°a/AppData/Local/Programs/MiKTeX/fonts/type1/urw/times/
utmr8a.pfb><C:/Users/Mi≈°a/AppData/Local/Programs/MiKTeX/fonts/type1/urw/times/
utmri8a.pfb>
Output written on dokumentace.pdf (31 pages, 4323468 bytes).
PDF statistics:
 570 PDF objects out of 1000 (max. 8388607)
 139 named destinations out of 1000 (max. 500000)
 356 words of extra memory for PDF output out of 10000 (max. 10000000)

