\BOOKMARK [0][-]{chapter*.4}{\376\377\000\332\000v\000o\000d}{}% 1
\BOOKMARK [0][-]{chapter.1}{\376\377\000R\000o\000z\001\141\000\355\001\131\000e\000n\000\341\000\040\000r\000e\000a\000l\000i\000t\000a}{}% 2
\BOOKMARK [1][-]{section.1.1}{\376\377\000C\000o\000\040\000j\000e\000\040\000t\000o\000\040\000r\000o\000z\001\141\000\355\001\131\000e\000n\000\341\000\040\000r\000e\000a\000l\000i\000t\000a}{chapter.1}% 3
\BOOKMARK [1][-]{section.1.2}{\376\377\000V\000y\000u\001\176\000i\000t\000\355\000\040\000r\000o\000z\001\141\000\355\001\131\000e\000n\000\351\000\040\000r\000e\000a\000l\000i\000t\000y}{chapter.1}% 4
\BOOKMARK [1][-]{section.1.3}{\376\377\000T\000y\000p\000y\000\040\000r\000o\000z\001\141\000\355\001\131\000e\000n\000\351\000\040\000r\000e\000a\000l\000i\000t\000y}{chapter.1}% 5
\BOOKMARK [0][-]{chapter.2}{\376\377\000M\000o\000b\000i\000l\000n\000\355\000\040\000a\000p\000l\000i\000k\000a\000c\000e\000\040\000v\000\040\000U\000n\000i\000t\000y}{}% 6
\BOOKMARK [1][-]{section.2.1}{\376\377\000N\000a\000s\000t\000a\000v\000e\000n\000\355\000\040\000p\000r\000o\000j\000e\000k\000t\000u}{chapter.2}% 7
\BOOKMARK [1][-]{section.2.2}{\376\377\000S\000l\000e\000d\000o\000v\000\341\000n\000\355\000\040\000o\000b\000r\000\341\000z\000k\001\157}{chapter.2}% 8
\BOOKMARK [1][-]{section.2.3}{\376\377\000Z\000o\000b\000r\000a\000z\000o\000v\000\341\000n\000\355\000\040\0003\000D\000\040\000o\000b\000j\000e\000k\000t\001\157}{chapter.2}% 9
\BOOKMARK [1][-]{section.2.4}{\376\377\000O\000d\000s\000t\000r\000a\001\110\000o\000v\000\341\000n\000\355\000\040\0003\000D\000\040\000o\000b\000j\000e\000k\000t\001\157}{chapter.2}% 10
\BOOKMARK [1][-]{section.2.5}{\376\377\000C\000a\000n\000v\000a\000s}{chapter.2}% 11
\BOOKMARK [0][-]{chapter.3}{\376\377\000M\000o\000d\000e\000l\000o\000v\000\341\000n\000\355\000\040\0003\000D\000\040\000o\000b\000j\000e\000k\000t\001\157}{}% 12
\BOOKMARK [1][-]{section.3.1}{\376\377\000V\000\375\000b\001\033\000r\000\040\000m\000o\000d\000e\000l\000o\000v\000a\000c\000\355\000c\000h\000\040\000p\000r\000o\000g\000r\000a\000m\001\157}{chapter.3}% 13
\BOOKMARK [1][-]{section.3.2}{\376\377\000P\000o\000s\000t\000u\000p\000\040\000m\000o\000d\000e\000l\000o\000v\000\341\000n\000\355}{chapter.3}% 14
\BOOKMARK [1][-]{section.3.3}{\376\377\000N\000a\000s\000t\000a\000v\000e\000n\000\355\000\040\000m\000a\000t\000e\000r\000i\000\341\000l\000u\000\040\000o\000b\000j\000e\000k\000t\001\157}{chapter.3}% 15
\BOOKMARK [1][-]{section.3.4}{\376\377\000I\000m\000p\000o\000r\000t\000o\000v\000\341\000n\000\355\000\040\000d\000o\000\040\000U\000n\000i\000t\000y}{chapter.3}% 16
\BOOKMARK [0][-]{chapter.4}{\376\377\000V\000\375\000s\000l\000e\000d\000k\000y\000\040\001\131\000e\001\141\000e\000n\000\355}{}% 17
\BOOKMARK [1][-]{section.4.1}{\376\377\000F\000u\000n\000k\000c\000e\000\040\000a\000p\000l\000i\000k\000a\000c\000e}{chapter.4}% 18
\BOOKMARK [0][-]{chapter*.15}{\376\377\000Z\000\341\000v\001\033\000r}{}% 19
\BOOKMARK [0][-]{chapter*.16}{\376\377\000S\000e\000z\000n\000a\000m\000\040\000p\000o\000u\001\176\000i\000t\000\375\000c\000h\000\040\000i\000n\000f\000o\000r\000m\000a\001\015\000n\000\355\000c\000h\000\040\000z\000d\000r\000o\000j\001\157}{}% 20
